{"uuid":"71f7366f-d9cb-4195-a45e-e17a79e7fc65","historyId":"bd0d3d6a5ada28610920e023ae8cace9","fullName":"AutomatedTest.LoginTest.ValidLogin_1","labels":[{"name":"package","value":"AutomatedTest.LoginTest"},{"name":"testClass","value":"AutomatedTest.LoginTest"},{"name":"testMethod","value":"ValidLogin_1"},{"name":"parentSuite","value":"Default Suite"},{"name":"suite","value":"LoginPage.java"},{"name":"subSuite","value":"AutomatedTest.LoginTest"},{"name":"host","value":"sweefts-MacBook-Pro.local"},{"name":"thread","value":"10411@sweefts-MacBook-Pro.local.main(1)"},{"name":"framework","value":"testng"},{"name":"language","value":"java"},{"name":"severity","value":"critical"}],"links":[],"name":"ValidLogin_1","status":"failed","statusDetails":{"known":false,"muted":false,"flaky":false,"message":"expected [true] but found [false]","trace":"java.lang.AssertionError: expected [true] but found [false]\n\tat org.testng.Assert.fail(Assert.java:99)\n\tat org.testng.Assert.failNotEquals(Assert.java:1037)\n\tat org.testng.Assert.assertTrue(Assert.java:45)\n\tat org.testng.Assert.assertTrue(Assert.java:55)\n\tat Pages.MainPage.CheckUserName(MainPage.java:50)\n\tat AutomatedTest.LoginTest.ValidLogin_1(LoginTest.java:107)\n\tat java.base/jdk.internal.reflect.NativeMethodAccessorImpl.invoke0(Native Method)\n\tat java.base/jdk.internal.reflect.NativeMethodAccessorImpl.invoke(NativeMethodAccessorImpl.java:77)\n\tat java.base/jdk.internal.reflect.DelegatingMethodAccessorImpl.invoke(DelegatingMethodAccessorImpl.java:43)\n\tat java.base/java.lang.reflect.Method.invoke(Method.java:568)\n\tat org.testng.internal.MethodInvocationHelper.invokeMethod(MethodInvocationHelper.java:133)\n\tat org.testng.internal.TestInvoker.invokeMethod(TestInvoker.java:598)\n\tat org.testng.internal.TestInvoker.invokeTestMethod(TestInvoker.java:173)\n\tat org.testng.internal.MethodRunner.runInSequence(MethodRunner.java:46)\n\tat org.testng.internal.TestInvoker$MethodInvocationAgent.invoke(TestInvoker.java:824)\n\tat org.testng.internal.TestInvoker.invokeTestMethods(TestInvoker.java:146)\n\tat org.testng.internal.TestMethodWorker.invokeTestMethods(TestMethodWorker.java:146)\n\tat org.testng.internal.TestMethodWorker.run(TestMethodWorker.java:128)\n\tat java.base/java.util.ArrayList.forEach(ArrayList.java:1511)\n\tat org.testng.TestRunner.privateRun(TestRunner.java:794)\n\tat org.testng.TestRunner.run(TestRunner.java:596)\n\tat org.testng.SuiteRunner.runTest(SuiteRunner.java:377)\n\tat org.testng.SuiteRunner.runSequentially(SuiteRunner.java:371)\n\tat org.testng.SuiteRunner.privateRun(SuiteRunner.java:332)\n\tat org.testng.SuiteRunner.run(SuiteRunner.java:276)\n\tat org.testng.SuiteRunnerWorker.runSuite(SuiteRunnerWorker.java:53)\n\tat org.testng.SuiteRunnerWorker.run(SuiteRunnerWorker.java:96)\n\tat org.testng.TestNG.runSuitesSequentially(TestNG.java:1212)\n\tat org.testng.TestNG.runSuitesLocally(TestNG.java:1134)\n\tat org.testng.TestNG.runSuites(TestNG.java:1063)\n\tat org.testng.TestNG.run(TestNG.java:1031)\n\tat com.intellij.rt.testng.IDEARemoteTestNG.run(IDEARemoteTestNG.java:66)\n\tat com.intellij.rt.testng.RemoteTestNGStarter.main(RemoteTestNGStarter.java:105)\n"},"stage":"finished","description":"Login with valid credentials second user","steps":[{"name":"ClickRegistrationbutton","status":"passed","stage":"finished","steps":[],"attachments":[],"parameters":[],"start":1690488657500,"stop":1690488657576},{"name":"ClickLegalEntityButton","status":"passed","stage":"finished","steps":[],"attachments":[],"parameters":[],"start":1690488657576,"stop":1690488657628},{"name":"EnterUserName","status":"passed","stage":"finished","steps":[],"attachments":[],"parameters":[{"name":"userName","value":"zoiby_user"}],"start":1690488657628,"stop":1690488657703},{"name":"Enter_Id","status":"passed","stage":"finished","steps":[],"attachments":[],"parameters":[{"name":"userName","value":"17398610132"}],"start":1690488657703,"stop":1690488657744},{"name":"Enter_use_name","status":"passed","stage":"finished","steps":[],"attachments":[],"parameters":[{"name":"userName","value":"g_pfzx"}],"start":1690488657744,"stop":1690488657784},{"name":"Enter_use_surname","status":"passed","stage":"finished","steps":[],"attachments":[],"parameters":[{"name":"userName","value":"usr_mbxu"}],"start":1690488657784,"stop":1690488657821},{"name":"Enter_mobile_num","status":"passed","stage":"finished","steps":[],"attachments":[],"parameters":[{"name":"userName","value":"599414138"}],"start":1690488657822,"stop":1690488657858},{"name":"Enter_email","status":"passed","stage":"finished","steps":[],"attachments":[],"parameters":[{"name":"userName","value":"qen076@gmail.com"}],"start":1690488657858,"stop":1690488657899},{"name":"Enter_password","status":"passed","stage":"finished","steps":[],"attachments":[],"parameters":[{"name":"userName","value":"Password123"}],"start":1690488657899,"stop":1690488657939},{"name":"Enter_repeated_passw","status":"passed","stage":"finished","steps":[],"attachments":[],"parameters":[{"name":"userName","value":"Password123"}],"start":1690488657939,"stop":1690488657980},{"name":"scrollPageByPixels","status":"passed","stage":"finished","steps":[],"attachments":[],"parameters":[{"name":"driver","value":"ChromeDriver: chrome on MAC (793e54c656c0a06c61d12e5a62e237bc)"},{"name":"pixelsToScroll","value":"200"}],"start":1690488657981,"stop":1690488657984},{"name":"ClickonChekbox","status":"passed","stage":"finished","steps":[],"attachments":[],"parameters":[],"start":1690488664987,"stop":1690488665156},{"name":"ClickonRegistrationBtn","status":"passed","stage":"finished","steps":[],"attachments":[],"parameters":[],"start":1690488665156,"stop":1690488665209},{"name":"ClickonMooveBtn","status":"passed","stage":"finished","steps":[],"attachments":[],"parameters":[],"start":1690488665209,"stop":1690488665773},{"name":"CheckLoginModal","status":"passed","stage":"finished","steps":[],"attachments":[],"parameters":[],"start":1690488665773,"stop":1690488665800},{"name":"EnterEmailAddress","status":"passed","stage":"finished","steps":[],"attachments":[],"parameters":[],"start":1690488665801,"stop":1690488665842},{"name":"EnterPassword","status":"passed","stage":"finished","steps":[],"attachments":[],"parameters":[],"start":1690488665842,"stop":1690488665885},{"name":"ClickLoginButton","status":"passed","stage":"finished","steps":[],"attachments":[],"parameters":[],"start":1690488665886,"stop":1690488665926},{"name":"ClickProfileBtn","status":"passed","stage":"finished","steps":[],"attachments":[],"parameters":[],"start":1690488665926,"stop":1690488666474},{"name":"CheckUserName","status":"failed","statusDetails":{"known":false,"muted":false,"flaky":false,"message":"expected [true] but found [false]","trace":"java.lang.AssertionError: expected [true] but found [false]\n\tat org.testng.Assert.fail(Assert.java:99)\n\tat org.testng.Assert.failNotEquals(Assert.java:1037)\n\tat org.testng.Assert.assertTrue(Assert.java:45)\n\tat org.testng.Assert.assertTrue(Assert.java:55)\n\tat Pages.MainPage.CheckUserName(MainPage.java:50)\n\tat AutomatedTest.LoginTest.ValidLogin_1(LoginTest.java:107)\n\tat java.base/jdk.internal.reflect.NativeMethodAccessorImpl.invoke0(Native Method)\n\tat java.base/jdk.internal.reflect.NativeMethodAccessorImpl.invoke(NativeMethodAccessorImpl.java:77)\n\tat java.base/jdk.internal.reflect.DelegatingMethodAccessorImpl.invoke(DelegatingMethodAccessorImpl.java:43)\n\tat java.base/java.lang.reflect.Method.invoke(Method.java:568)\n\tat org.testng.internal.MethodInvocationHelper.invokeMethod(MethodInvocationHelper.java:133)\n\tat org.testng.internal.TestInvoker.invokeMethod(TestInvoker.java:598)\n\tat org.testng.internal.TestInvoker.invokeTestMethod(TestInvoker.java:173)\n\tat org.testng.internal.MethodRunner.runInSequence(MethodRunner.java:46)\n\tat org.testng.internal.TestInvoker$MethodInvocationAgent.invoke(TestInvoker.java:824)\n\tat org.testng.internal.TestInvoker.invokeTestMethods(TestInvoker.java:146)\n\tat org.testng.internal.TestMethodWorker.invokeTestMethods(TestMethodWorker.java:146)\n\tat org.testng.internal.TestMethodWorker.run(TestMethodWorker.java:128)\n\tat java.base/java.util.ArrayList.forEach(ArrayList.java:1511)\n\tat org.testng.TestRunner.privateRun(TestRunner.java:794)\n\tat org.testng.TestRunner.run(TestRunner.java:596)\n\tat org.testng.SuiteRunner.runTest(SuiteRunner.java:377)\n\tat org.testng.SuiteRunner.runSequentially(SuiteRunner.java:371)\n\tat org.testng.SuiteRunner.privateRun(SuiteRunner.java:332)\n\tat org.testng.SuiteRunner.run(SuiteRunner.java:276)\n\tat org.testng.SuiteRunnerWorker.runSuite(SuiteRunnerWorker.java:53)\n\tat org.testng.SuiteRunnerWorker.run(SuiteRunnerWorker.java:96)\n\tat org.testng.TestNG.runSuitesSequentially(TestNG.java:1212)\n\tat org.testng.TestNG.runSuitesLocally(TestNG.java:1134)\n\tat org.testng.TestNG.runSuites(TestNG.java:1063)\n\tat org.testng.TestNG.run(TestNG.java:1031)\n\tat com.intellij.rt.testng.IDEARemoteTestNG.run(IDEARemoteTestNG.java:66)\n\tat com.intellij.rt.testng.RemoteTestNGStarter.main(RemoteTestNGStarter.java:105)\n"},"stage":"finished","steps":[],"attachments":[],"parameters":[{"name":"name","value":"ywhq"}],"start":1690488666474,"stop":1690488667020}],"attachments":[],"parameters":[],"start":1690488657499,"stop":1690488667021}