{"uuid":"79bf1a70-79b1-413b-a2ed-4c8742e22496","historyId":"af462083292bf25e09bd22ca88454d8d","fullName":"AutomatedTest.LoginTest.ValidLogin","labels":[{"name":"package","value":"AutomatedTest.LoginTest"},{"name":"testClass","value":"AutomatedTest.LoginTest"},{"name":"testMethod","value":"ValidLogin"},{"name":"parentSuite","value":"Default Suite"},{"name":"suite","value":"LoginPage.java"},{"name":"subSuite","value":"AutomatedTest.LoginTest"},{"name":"host","value":"sweefts-MacBook-Pro.local"},{"name":"thread","value":"17903@sweefts-MacBook-Pro.local.main(1)"},{"name":"framework","value":"testng"},{"name":"language","value":"java"},{"name":"severity","value":"critical"}],"links":[],"name":"ValidLogin","status":"failed","statusDetails":{"known":false,"muted":false,"flaky":false,"message":"expected [true] but found [false]","trace":"java.lang.AssertionError: expected [true] but found [false]\n\tat org.testng.Assert.fail(Assert.java:99)\n\tat org.testng.Assert.failNotEquals(Assert.java:1037)\n\tat org.testng.Assert.assertTrue(Assert.java:45)\n\tat org.testng.Assert.assertTrue(Assert.java:55)\n\tat Pages.MainPage.CheckUserName(MainPage.java:50)\n\tat AutomatedTest.LoginTest.ValidLogin(LoginTest.java:74)\n\tat java.base/jdk.internal.reflect.NativeMethodAccessorImpl.invoke0(Native Method)\n\tat java.base/jdk.internal.reflect.NativeMethodAccessorImpl.invoke(NativeMethodAccessorImpl.java:77)\n\tat java.base/jdk.internal.reflect.DelegatingMethodAccessorImpl.invoke(DelegatingMethodAccessorImpl.java:43)\n\tat java.base/java.lang.reflect.Method.invoke(Method.java:568)\n\tat org.testng.internal.MethodInvocationHelper.invokeMethod(MethodInvocationHelper.java:133)\n\tat org.testng.internal.TestInvoker.invokeMethod(TestInvoker.java:598)\n\tat org.testng.internal.TestInvoker.invokeTestMethod(TestInvoker.java:173)\n\tat org.testng.internal.MethodRunner.runInSequence(MethodRunner.java:46)\n\tat org.testng.internal.TestInvoker$MethodInvocationAgent.invoke(TestInvoker.java:824)\n\tat org.testng.internal.TestInvoker.invokeTestMethods(TestInvoker.java:146)\n\tat org.testng.internal.TestMethodWorker.invokeTestMethods(TestMethodWorker.java:146)\n\tat org.testng.internal.TestMethodWorker.run(TestMethodWorker.java:128)\n\tat java.base/java.util.ArrayList.forEach(ArrayList.java:1511)\n\tat org.testng.TestRunner.privateRun(TestRunner.java:794)\n\tat org.testng.TestRunner.run(TestRunner.java:596)\n\tat org.testng.SuiteRunner.runTest(SuiteRunner.java:377)\n\tat org.testng.SuiteRunner.runSequentially(SuiteRunner.java:371)\n\tat org.testng.SuiteRunner.privateRun(SuiteRunner.java:332)\n\tat org.testng.SuiteRunner.run(SuiteRunner.java:276)\n\tat org.testng.SuiteRunnerWorker.runSuite(SuiteRunnerWorker.java:53)\n\tat org.testng.SuiteRunnerWorker.run(SuiteRunnerWorker.java:96)\n\tat org.testng.TestNG.runSuitesSequentially(TestNG.java:1212)\n\tat org.testng.TestNG.runSuitesLocally(TestNG.java:1134)\n\tat org.testng.TestNG.runSuites(TestNG.java:1063)\n\tat org.testng.TestNG.run(TestNG.java:1031)\n\tat com.intellij.rt.testng.IDEARemoteTestNG.run(IDEARemoteTestNG.java:66)\n\tat com.intellij.rt.testng.RemoteTestNGStarter.main(RemoteTestNGStarter.java:105)\n"},"stage":"finished","description":"Login with valid credentials","steps":[{"name":"ClickRegistrationbutton","status":"passed","stage":"finished","steps":[],"attachments":[],"parameters":[],"start":1690489060498,"stop":1690489060576},{"name":"ClickLegalEntityButton","status":"passed","stage":"finished","steps":[],"attachments":[],"parameters":[],"start":1690489060577,"stop":1690489060634},{"name":"EnterUserName","status":"passed","stage":"finished","steps":[],"attachments":[],"parameters":[{"name":"userName","value":"mtiqu_user"}],"start":1690489060654,"stop":1690489060736},{"name":"Enter_Id","status":"passed","stage":"finished","steps":[],"attachments":[],"parameters":[{"name":"userName","value":"68630528770"}],"start":1690489060736,"stop":1690489060783},{"name":"Enter_use_name","status":"passed","stage":"finished","steps":[],"attachments":[],"parameters":[{"name":"userName","value":"waxb"}],"start":1690489060783,"stop":1690489060821},{"name":"Enter_use_surname","status":"passed","stage":"finished","steps":[],"attachments":[],"parameters":[{"name":"userName","value":"usr_objqzx"}],"start":1690489060821,"stop":1690489060865},{"name":"Enter_mobile_num","status":"passed","stage":"finished","steps":[],"attachments":[],"parameters":[{"name":"userName","value":"599028013"}],"start":1690489060866,"stop":1690489060906},{"name":"Enter_email","status":"passed","stage":"finished","steps":[],"attachments":[],"parameters":[{"name":"userName","value":"cub889@gmail.com"}],"start":1690489060907,"stop":1690489060948},{"name":"Enter_password","status":"passed","stage":"finished","steps":[],"attachments":[],"parameters":[{"name":"userName","value":"Password123"}],"start":1690489060948,"stop":1690489060991},{"name":"Enter_repeated_passw","status":"passed","stage":"finished","steps":[],"attachments":[],"parameters":[{"name":"userName","value":"Password123"}],"start":1690489060991,"stop":1690489061034},{"name":"scrollPageByPixels","status":"passed","stage":"finished","steps":[],"attachments":[],"parameters":[{"name":"driver","value":"ChromeDriver: chrome on MAC (5a8c03f2dedfd904b0243b1730de956c)"},{"name":"pixelsToScroll","value":"300"}],"start":1690489061035,"stop":1690489061040},{"name":"ClickonChekbox","status":"passed","stage":"finished","steps":[],"attachments":[],"parameters":[],"start":1690489068046,"stop":1690489068222},{"name":"ClickonRegistrationBtn","status":"passed","stage":"finished","steps":[],"attachments":[],"parameters":[],"start":1690489068223,"stop":1690489068277},{"name":"ClickonMooveBtn","status":"passed","stage":"finished","steps":[],"attachments":[],"parameters":[],"start":1690489068277,"stop":1690489068843},{"name":"CheckLoginModal","status":"passed","stage":"finished","steps":[],"attachments":[],"parameters":[],"start":1690489068843,"stop":1690489068877},{"name":"EnterEmailAddress","status":"passed","stage":"finished","steps":[],"attachments":[],"parameters":[{"name":"email","value":"cub889@gmail.com"}],"start":1690489068877,"stop":1690489068919},{"name":"EnterPassword","status":"passed","stage":"finished","steps":[],"attachments":[],"parameters":[{"name":"password","value":"Password123"}],"start":1690489068919,"stop":1690489068960},{"name":"ClickLoginButton","status":"passed","stage":"finished","steps":[],"attachments":[],"parameters":[],"start":1690489068960,"stop":1690489068996},{"name":"ClickProfileBtn","status":"passed","stage":"finished","steps":[],"attachments":[],"parameters":[],"start":1690489068996,"stop":1690489069541},{"name":"CheckUserName","status":"failed","statusDetails":{"known":false,"muted":false,"flaky":false,"message":"expected [true] but found [false]","trace":"java.lang.AssertionError: expected [true] but found [false]\n\tat org.testng.Assert.fail(Assert.java:99)\n\tat org.testng.Assert.failNotEquals(Assert.java:1037)\n\tat org.testng.Assert.assertTrue(Assert.java:45)\n\tat org.testng.Assert.assertTrue(Assert.java:55)\n\tat Pages.MainPage.CheckUserName(MainPage.java:50)\n\tat AutomatedTest.LoginTest.ValidLogin(LoginTest.java:74)\n\tat java.base/jdk.internal.reflect.NativeMethodAccessorImpl.invoke0(Native Method)\n\tat java.base/jdk.internal.reflect.NativeMethodAccessorImpl.invoke(NativeMethodAccessorImpl.java:77)\n\tat java.base/jdk.internal.reflect.DelegatingMethodAccessorImpl.invoke(DelegatingMethodAccessorImpl.java:43)\n\tat java.base/java.lang.reflect.Method.invoke(Method.java:568)\n\tat org.testng.internal.MethodInvocationHelper.invokeMethod(MethodInvocationHelper.java:133)\n\tat org.testng.internal.TestInvoker.invokeMethod(TestInvoker.java:598)\n\tat org.testng.internal.TestInvoker.invokeTestMethod(TestInvoker.java:173)\n\tat org.testng.internal.MethodRunner.runInSequence(MethodRunner.java:46)\n\tat org.testng.internal.TestInvoker$MethodInvocationAgent.invoke(TestInvoker.java:824)\n\tat org.testng.internal.TestInvoker.invokeTestMethods(TestInvoker.java:146)\n\tat org.testng.internal.TestMethodWorker.invokeTestMethods(TestMethodWorker.java:146)\n\tat org.testng.internal.TestMethodWorker.run(TestMethodWorker.java:128)\n\tat java.base/java.util.ArrayList.forEach(ArrayList.java:1511)\n\tat org.testng.TestRunner.privateRun(TestRunner.java:794)\n\tat org.testng.TestRunner.run(TestRunner.java:596)\n\tat org.testng.SuiteRunner.runTest(SuiteRunner.java:377)\n\tat org.testng.SuiteRunner.runSequentially(SuiteRunner.java:371)\n\tat org.testng.SuiteRunner.privateRun(SuiteRunner.java:332)\n\tat org.testng.SuiteRunner.run(SuiteRunner.java:276)\n\tat org.testng.SuiteRunnerWorker.runSuite(SuiteRunnerWorker.java:53)\n\tat org.testng.SuiteRunnerWorker.run(SuiteRunnerWorker.java:96)\n\tat org.testng.TestNG.runSuitesSequentially(TestNG.java:1212)\n\tat org.testng.TestNG.runSuitesLocally(TestNG.java:1134)\n\tat org.testng.TestNG.runSuites(TestNG.java:1063)\n\tat org.testng.TestNG.run(TestNG.java:1031)\n\tat com.intellij.rt.testng.IDEARemoteTestNG.run(IDEARemoteTestNG.java:66)\n\tat com.intellij.rt.testng.RemoteTestNGStarter.main(RemoteTestNGStarter.java:105)\n"},"stage":"finished","steps":[],"attachments":[],"parameters":[{"name":"name","value":"waxb"}],"start":1690489069541,"stop":1690489070084}],"attachments":[],"parameters":[],"start":1690489060486,"stop":1690489070087}