{"uuid":"a3244c59-9dd8-4e04-9b94-6aa3ddb5db79","historyId":"af462083292bf25e09bd22ca88454d8d","fullName":"AutomatedTest.LoginTest.ValidLogin","labels":[{"name":"package","value":"AutomatedTest.LoginTest"},{"name":"testClass","value":"AutomatedTest.LoginTest"},{"name":"testMethod","value":"ValidLogin"},{"name":"parentSuite","value":"Default Suite"},{"name":"suite","value":"untitled2"},{"name":"subSuite","value":"AutomatedTest.LoginTest"},{"name":"host","value":"sweefts-MacBook-Pro.local"},{"name":"thread","value":"49971@sweefts-MacBook-Pro.local.main(1)"},{"name":"framework","value":"testng"},{"name":"language","value":"java"},{"name":"severity","value":"critical"}],"links":[],"name":"ValidLogin","status":"broken","statusDetails":{"known":false,"muted":false,"flaky":false,"message":"element click intercepted: Element <div class=\"VfPpkd-RLmnJb\"></div> is not clickable at point (1008, 600). Other element would receive the click: <span jsname=\"V67aGc\" class=\"VfPpkd-vQzf8d\">...</span>\n  (Session info: chrome=114.0.5735.198)\nBuild info: version: '3.141.59', revision: 'e82be7d358', time: '2018-11-14T08:17:03'\nSystem info: host: 'sweefts-MacBook-Pro.local', ip: 'fe80:0:0:0:1cd5:c525:8698:3b33%en0', os.name: 'Mac OS X', os.arch: 'aarch64', os.version: '12.5.1', java.version: '17.0.7'\nDriver info: org.openqa.selenium.chrome.ChromeDriver\nCapabilities {acceptInsecureCerts: false, browserName: chrome, browserVersion: 114.0.5735.198, chrome: {chromedriverVersion: 114.0.5735.90 (386bc09e8f4f..., userDataDir: /var/folders/4b/n4kwhz_s7y3...}, goog:chromeOptions: {debuggerAddress: localhost:55388}, javascriptEnabled: true, networkConnectionEnabled: false, pageLoadStrategy: normal, platform: MAC, platformName: MAC, proxy: Proxy(), setWindowRect: true, strictFileInteractability: false, timeouts: {implicit: 0, pageLoad: 300000, script: 30000}, unhandledPromptBehavior: dismiss and notify, webauthn:extension:credBlob: true, webauthn:extension:largeBlob: true, webauthn:extension:minPinLength: true, webauthn:extension:prf: true, webauthn:virtualAuthenticators: true}\nSession ID: 7338e12c0036e194f444a645b9454896","trace":"org.openqa.selenium.ElementClickInterceptedException: element click intercepted: Element <div class=\"VfPpkd-RLmnJb\"></div> is not clickable at point (1008, 600). Other element would receive the click: <span jsname=\"V67aGc\" class=\"VfPpkd-vQzf8d\">...</span>\n  (Session info: chrome=114.0.5735.198)\nBuild info: version: '3.141.59', revision: 'e82be7d358', time: '2018-11-14T08:17:03'\nSystem info: host: 'sweefts-MacBook-Pro.local', ip: 'fe80:0:0:0:1cd5:c525:8698:3b33%en0', os.name: 'Mac OS X', os.arch: 'aarch64', os.version: '12.5.1', java.version: '17.0.7'\nDriver info: org.openqa.selenium.chrome.ChromeDriver\nCapabilities {acceptInsecureCerts: false, browserName: chrome, browserVersion: 114.0.5735.198, chrome: {chromedriverVersion: 114.0.5735.90 (386bc09e8f4f..., userDataDir: /var/folders/4b/n4kwhz_s7y3...}, goog:chromeOptions: {debuggerAddress: localhost:55388}, javascriptEnabled: true, networkConnectionEnabled: false, pageLoadStrategy: normal, platform: MAC, platformName: MAC, proxy: Proxy(), setWindowRect: true, strictFileInteractability: false, timeouts: {implicit: 0, pageLoad: 300000, script: 30000}, unhandledPromptBehavior: dismiss and notify, webauthn:extension:credBlob: true, webauthn:extension:largeBlob: true, webauthn:extension:minPinLength: true, webauthn:extension:prf: true, webauthn:virtualAuthenticators: true}\nSession ID: 7338e12c0036e194f444a645b9454896\n\tat java.base/jdk.internal.reflect.NativeConstructorAccessorImpl.newInstance0(Native Method)\n\tat java.base/jdk.internal.reflect.NativeConstructorAccessorImpl.newInstance(NativeConstructorAccessorImpl.java:77)\n\tat java.base/jdk.internal.reflect.DelegatingConstructorAccessorImpl.newInstance(DelegatingConstructorAccessorImpl.java:45)\n\tat java.base/java.lang.reflect.Constructor.newInstanceWithCaller(Constructor.java:499)\n\tat java.base/java.lang.reflect.Constructor.newInstance(Constructor.java:480)\n\tat org.openqa.selenium.remote.http.W3CHttpResponseCodec.createException(W3CHttpResponseCodec.java:187)\n\tat org.openqa.selenium.remote.http.W3CHttpResponseCodec.decode(W3CHttpResponseCodec.java:122)\n\tat org.openqa.selenium.remote.http.W3CHttpResponseCodec.decode(W3CHttpResponseCodec.java:49)\n\tat org.openqa.selenium.remote.HttpCommandExecutor.execute(HttpCommandExecutor.java:158)\n\tat org.openqa.selenium.remote.service.DriverCommandExecutor.execute(DriverCommandExecutor.java:83)\n\tat org.openqa.selenium.remote.RemoteWebDriver.execute(RemoteWebDriver.java:552)\n\tat org.openqa.selenium.remote.RemoteWebElement.execute(RemoteWebElement.java:285)\n\tat org.openqa.selenium.remote.RemoteWebElement.click(RemoteWebElement.java:84)\n\tat Pages.LoginPage.ClickonNextBtn(LoginPage.java:196)\n\tat AutomatedTest.LoginTest.ValidLogin(LoginTest.java:59)\n\tat java.base/jdk.internal.reflect.NativeMethodAccessorImpl.invoke0(Native Method)\n\tat java.base/jdk.internal.reflect.NativeMethodAccessorImpl.invoke(NativeMethodAccessorImpl.java:77)\n\tat java.base/jdk.internal.reflect.DelegatingMethodAccessorImpl.invoke(DelegatingMethodAccessorImpl.java:43)\n\tat java.base/java.lang.reflect.Method.invoke(Method.java:568)\n\tat org.testng.internal.MethodInvocationHelper.invokeMethod(MethodInvocationHelper.java:133)\n\tat org.testng.internal.TestInvoker.invokeMethod(TestInvoker.java:598)\n\tat org.testng.internal.TestInvoker.invokeTestMethod(TestInvoker.java:173)\n\tat org.testng.internal.MethodRunner.runInSequence(MethodRunner.java:46)\n\tat org.testng.internal.TestInvoker$MethodInvocationAgent.invoke(TestInvoker.java:824)\n\tat org.testng.internal.TestInvoker.invokeTestMethods(TestInvoker.java:146)\n\tat org.testng.internal.TestMethodWorker.invokeTestMethods(TestMethodWorker.java:146)\n\tat org.testng.internal.TestMethodWorker.run(TestMethodWorker.java:128)\n\tat java.base/java.util.ArrayList.forEach(ArrayList.java:1511)\n\tat org.testng.TestRunner.privateRun(TestRunner.java:794)\n\tat org.testng.TestRunner.run(TestRunner.java:596)\n\tat org.testng.SuiteRunner.runTest(SuiteRunner.java:377)\n\tat org.testng.SuiteRunner.runSequentially(SuiteRunner.java:371)\n\tat org.testng.SuiteRunner.privateRun(SuiteRunner.java:332)\n\tat org.testng.SuiteRunner.run(SuiteRunner.java:276)\n\tat org.testng.SuiteRunnerWorker.runSuite(SuiteRunnerWorker.java:53)\n\tat org.testng.SuiteRunnerWorker.run(SuiteRunnerWorker.java:96)\n\tat org.testng.TestNG.runSuitesSequentially(TestNG.java:1212)\n\tat org.testng.TestNG.runSuitesLocally(TestNG.java:1134)\n\tat org.testng.TestNG.runSuites(TestNG.java:1063)\n\tat org.testng.TestNG.run(TestNG.java:1031)\n\tat com.intellij.rt.testng.IDEARemoteTestNG.run(IDEARemoteTestNG.java:66)\n\tat com.intellij.rt.testng.RemoteTestNGStarter.main(RemoteTestNGStarter.java:105)\n"},"stage":"finished","description":"Login with valid credentials","steps":[{"name":"ClickloginButton","status":"passed","stage":"finished","steps":[],"attachments":[],"parameters":[],"start":1689152918654,"stop":1689152918714},{"name":"EnterUserName","status":"passed","stage":"finished","steps":[],"attachments":[],"parameters":[{"name":"userName","value":"standard_user"}],"start":1689152918715,"stop":1689152918800},{"name":"Enter_Id","status":"passed","stage":"finished","steps":[],"attachments":[],"parameters":[{"name":"userName","value":"7720"}],"start":1689152918820,"stop":1689152918866},{"name":"Enter_use_name","status":"passed","stage":"finished","steps":[],"attachments":[],"parameters":[{"name":"userName","value":"Jimni"}],"start":1689152918866,"stop":1689152918915},{"name":"Enter_use_surname","status":"passed","stage":"finished","steps":[],"attachments":[],"parameters":[{"name":"userName","value":"Mebonia"}],"start":1689152918916,"stop":1689152918961},{"name":"Enter_mobile_num","status":"passed","stage":"finished","steps":[],"attachments":[],"parameters":[{"name":"userName","value":"599995917"}],"start":1689152918961,"stop":1689152919002},{"name":"Enter_email","status":"passed","stage":"finished","steps":[],"attachments":[],"parameters":[{"name":"userName","value":"fjf002@gmail.com"}],"start":1689152919003,"stop":1689152919048},{"name":"Enter_password","status":"passed","stage":"finished","steps":[],"attachments":[],"parameters":[{"name":"userName","value":"Password123"}],"start":1689152919048,"stop":1689152919094},{"name":"Enter_repeated_passw","status":"passed","stage":"finished","steps":[],"attachments":[],"parameters":[{"name":"userName","value":"Password123"}],"start":1689152919094,"stop":1689152919139},{"name":"ClickonChekbox","status":"passed","stage":"finished","steps":[],"attachments":[],"parameters":[],"start":1689152926145,"stop":1689152926203},{"name":"ClickonRegistrationBtn","status":"passed","stage":"finished","steps":[],"attachments":[],"parameters":[],"start":1689152926204,"stop":1689152926244},{"name":"ClickonMooveBtn","status":"passed","stage":"finished","steps":[],"attachments":[],"parameters":[],"start":1689152926244,"stop":1689152926826},{"name":"ClickonGmailBtn","status":"passed","stage":"finished","steps":[],"attachments":[],"parameters":[],"start":1689152926826,"stop":1689152928703},{"name":"Enter_Gmail_Author","status":"passed","stage":"finished","steps":[],"attachments":[],"parameters":[{"name":"userName","value":"fjf002@gmail.com"}],"start":1689152928704,"stop":1689152928758},{"name":"ClickonNextBtn","status":"broken","statusDetails":{"known":false,"muted":false,"flaky":false,"message":"element click intercepted: Element <div class=\"VfPpkd-RLmnJb\"></div> is not clickable at point (1008, 600). Other element would receive the click: <span jsname=\"V67aGc\" class=\"VfPpkd-vQzf8d\">...</span>\n  (Session info: chrome=114.0.5735.198)\nBuild info: version: '3.141.59', revision: 'e82be7d358', time: '2018-11-14T08:17:03'\nSystem info: host: 'sweefts-MacBook-Pro.local', ip: 'fe80:0:0:0:1cd5:c525:8698:3b33%en0', os.name: 'Mac OS X', os.arch: 'aarch64', os.version: '12.5.1', java.version: '17.0.7'\nDriver info: org.openqa.selenium.chrome.ChromeDriver\nCapabilities {acceptInsecureCerts: false, browserName: chrome, browserVersion: 114.0.5735.198, chrome: {chromedriverVersion: 114.0.5735.90 (386bc09e8f4f..., userDataDir: /var/folders/4b/n4kwhz_s7y3...}, goog:chromeOptions: {debuggerAddress: localhost:55388}, javascriptEnabled: true, networkConnectionEnabled: false, pageLoadStrategy: normal, platform: MAC, platformName: MAC, proxy: Proxy(), setWindowRect: true, strictFileInteractability: false, timeouts: {implicit: 0, pageLoad: 300000, script: 30000}, unhandledPromptBehavior: dismiss and notify, webauthn:extension:credBlob: true, webauthn:extension:largeBlob: true, webauthn:extension:minPinLength: true, webauthn:extension:prf: true, webauthn:virtualAuthenticators: true}\nSession ID: 7338e12c0036e194f444a645b9454896","trace":"org.openqa.selenium.ElementClickInterceptedException: element click intercepted: Element <div class=\"VfPpkd-RLmnJb\"></div> is not clickable at point (1008, 600). Other element would receive the click: <span jsname=\"V67aGc\" class=\"VfPpkd-vQzf8d\">...</span>\n  (Session info: chrome=114.0.5735.198)\nBuild info: version: '3.141.59', revision: 'e82be7d358', time: '2018-11-14T08:17:03'\nSystem info: host: 'sweefts-MacBook-Pro.local', ip: 'fe80:0:0:0:1cd5:c525:8698:3b33%en0', os.name: 'Mac OS X', os.arch: 'aarch64', os.version: '12.5.1', java.version: '17.0.7'\nDriver info: org.openqa.selenium.chrome.ChromeDriver\nCapabilities {acceptInsecureCerts: false, browserName: chrome, browserVersion: 114.0.5735.198, chrome: {chromedriverVersion: 114.0.5735.90 (386bc09e8f4f..., userDataDir: /var/folders/4b/n4kwhz_s7y3...}, goog:chromeOptions: {debuggerAddress: localhost:55388}, javascriptEnabled: true, networkConnectionEnabled: false, pageLoadStrategy: normal, platform: MAC, platformName: MAC, proxy: Proxy(), setWindowRect: true, strictFileInteractability: false, timeouts: {implicit: 0, pageLoad: 300000, script: 30000}, unhandledPromptBehavior: dismiss and notify, webauthn:extension:credBlob: true, webauthn:extension:largeBlob: true, webauthn:extension:minPinLength: true, webauthn:extension:prf: true, webauthn:virtualAuthenticators: true}\nSession ID: 7338e12c0036e194f444a645b9454896\n\tat java.base/jdk.internal.reflect.NativeConstructorAccessorImpl.newInstance0(Native Method)\n\tat java.base/jdk.internal.reflect.NativeConstructorAccessorImpl.newInstance(NativeConstructorAccessorImpl.java:77)\n\tat java.base/jdk.internal.reflect.DelegatingConstructorAccessorImpl.newInstance(DelegatingConstructorAccessorImpl.java:45)\n\tat java.base/java.lang.reflect.Constructor.newInstanceWithCaller(Constructor.java:499)\n\tat java.base/java.lang.reflect.Constructor.newInstance(Constructor.java:480)\n\tat org.openqa.selenium.remote.http.W3CHttpResponseCodec.createException(W3CHttpResponseCodec.java:187)\n\tat org.openqa.selenium.remote.http.W3CHttpResponseCodec.decode(W3CHttpResponseCodec.java:122)\n\tat org.openqa.selenium.remote.http.W3CHttpResponseCodec.decode(W3CHttpResponseCodec.java:49)\n\tat org.openqa.selenium.remote.HttpCommandExecutor.execute(HttpCommandExecutor.java:158)\n\tat org.openqa.selenium.remote.service.DriverCommandExecutor.execute(DriverCommandExecutor.java:83)\n\tat org.openqa.selenium.remote.RemoteWebDriver.execute(RemoteWebDriver.java:552)\n\tat org.openqa.selenium.remote.RemoteWebElement.execute(RemoteWebElement.java:285)\n\tat org.openqa.selenium.remote.RemoteWebElement.click(RemoteWebElement.java:84)\n\tat Pages.LoginPage.ClickonNextBtn(LoginPage.java:196)\n\tat AutomatedTest.LoginTest.ValidLogin(LoginTest.java:59)\n\tat java.base/jdk.internal.reflect.NativeMethodAccessorImpl.invoke0(Native Method)\n\tat java.base/jdk.internal.reflect.NativeMethodAccessorImpl.invoke(NativeMethodAccessorImpl.java:77)\n\tat java.base/jdk.internal.reflect.DelegatingMethodAccessorImpl.invoke(DelegatingMethodAccessorImpl.java:43)\n\tat java.base/java.lang.reflect.Method.invoke(Method.java:568)\n\tat org.testng.internal.MethodInvocationHelper.invokeMethod(MethodInvocationHelper.java:133)\n\tat org.testng.internal.TestInvoker.invokeMethod(TestInvoker.java:598)\n\tat org.testng.internal.TestInvoker.invokeTestMethod(TestInvoker.java:173)\n\tat org.testng.internal.MethodRunner.runInSequence(MethodRunner.java:46)\n\tat org.testng.internal.TestInvoker$MethodInvocationAgent.invoke(TestInvoker.java:824)\n\tat org.testng.internal.TestInvoker.invokeTestMethods(TestInvoker.java:146)\n\tat org.testng.internal.TestMethodWorker.invokeTestMethods(TestMethodWorker.java:146)\n\tat org.testng.internal.TestMethodWorker.run(TestMethodWorker.java:128)\n\tat java.base/java.util.ArrayList.forEach(ArrayList.java:1511)\n\tat org.testng.TestRunner.privateRun(TestRunner.java:794)\n\tat org.testng.TestRunner.run(TestRunner.java:596)\n\tat org.testng.SuiteRunner.runTest(SuiteRunner.java:377)\n\tat org.testng.SuiteRunner.runSequentially(SuiteRunner.java:371)\n\tat org.testng.SuiteRunner.privateRun(SuiteRunner.java:332)\n\tat org.testng.SuiteRunner.run(SuiteRunner.java:276)\n\tat org.testng.SuiteRunnerWorker.runSuite(SuiteRunnerWorker.java:53)\n\tat org.testng.SuiteRunnerWorker.run(SuiteRunnerWorker.java:96)\n\tat org.testng.TestNG.runSuitesSequentially(TestNG.java:1212)\n\tat org.testng.TestNG.runSuitesLocally(TestNG.java:1134)\n\tat org.testng.TestNG.runSuites(TestNG.java:1063)\n\tat org.testng.TestNG.run(TestNG.java:1031)\n\tat com.intellij.rt.testng.IDEARemoteTestNG.run(IDEARemoteTestNG.java:66)\n\tat com.intellij.rt.testng.RemoteTestNGStarter.main(RemoteTestNGStarter.java:105)\n"},"stage":"finished","steps":[],"attachments":[],"parameters":[],"start":1689152928758,"stop":1689152929860}],"attachments":[],"parameters":[],"start":1689152918640,"stop":1689152929864}