{"uuid":"fd96a859-a45f-42f7-bb01-fa9b8d5345be","historyId":"af462083292bf25e09bd22ca88454d8d","fullName":"AutomatedTest.LoginTest.ValidLogin","labels":[{"name":"package","value":"AutomatedTest.LoginTest"},{"name":"testClass","value":"AutomatedTest.LoginTest"},{"name":"testMethod","value":"ValidLogin"},{"name":"parentSuite","value":"Default Suite"},{"name":"suite","value":"LoginPage.java"},{"name":"subSuite","value":"AutomatedTest.LoginTest"},{"name":"host","value":"sweefts-MacBook-Pro.local"},{"name":"thread","value":"10411@sweefts-MacBook-Pro.local.main(1)"},{"name":"framework","value":"testng"},{"name":"language","value":"java"},{"name":"severity","value":"critical"}],"links":[],"name":"ValidLogin","status":"broken","statusDetails":{"known":false,"muted":false,"flaky":false,"message":"element click intercepted: Element is not clickable at point (989, 952)\n  (Session info: chrome=114.0.5735.248)\nBuild info: version: '3.141.59', revision: 'e82be7d358', time: '2018-11-14T08:17:03'\nSystem info: host: 'sweefts-MacBook-Pro.local', ip: '2a0b:6204:36ee:6c00:cdd:38c8:efed:f601%en0', os.name: 'Mac OS X', os.arch: 'aarch64', os.version: '12.5.1', java.version: '17.0.7'\nDriver info: org.openqa.selenium.chrome.ChromeDriver\nCapabilities {acceptInsecureCerts: false, browserName: chrome, browserVersion: 114.0.5735.248, chrome: {chromedriverVersion: 114.0.5735.90 (386bc09e8f4f..., userDataDir: /var/folders/4b/n4kwhz_s7y3...}, goog:chromeOptions: {debuggerAddress: localhost:54464}, javascriptEnabled: true, networkConnectionEnabled: false, pageLoadStrategy: normal, platform: MAC, platformName: MAC, proxy: Proxy(), setWindowRect: true, strictFileInteractability: false, timeouts: {implicit: 0, pageLoad: 300000, script: 30000}, unhandledPromptBehavior: dismiss and notify, webauthn:extension:credBlob: true, webauthn:extension:largeBlob: true, webauthn:extension:minPinLength: true, webauthn:extension:prf: true, webauthn:virtualAuthenticators: true}\nSession ID: 7cc924f7f29f24b5e0b6fc5df1fce539","trace":"org.openqa.selenium.ElementClickInterceptedException: element click intercepted: Element is not clickable at point (989, 952)\n  (Session info: chrome=114.0.5735.248)\nBuild info: version: '3.141.59', revision: 'e82be7d358', time: '2018-11-14T08:17:03'\nSystem info: host: 'sweefts-MacBook-Pro.local', ip: '2a0b:6204:36ee:6c00:cdd:38c8:efed:f601%en0', os.name: 'Mac OS X', os.arch: 'aarch64', os.version: '12.5.1', java.version: '17.0.7'\nDriver info: org.openqa.selenium.chrome.ChromeDriver\nCapabilities {acceptInsecureCerts: false, browserName: chrome, browserVersion: 114.0.5735.248, chrome: {chromedriverVersion: 114.0.5735.90 (386bc09e8f4f..., userDataDir: /var/folders/4b/n4kwhz_s7y3...}, goog:chromeOptions: {debuggerAddress: localhost:54464}, javascriptEnabled: true, networkConnectionEnabled: false, pageLoadStrategy: normal, platform: MAC, platformName: MAC, proxy: Proxy(), setWindowRect: true, strictFileInteractability: false, timeouts: {implicit: 0, pageLoad: 300000, script: 30000}, unhandledPromptBehavior: dismiss and notify, webauthn:extension:credBlob: true, webauthn:extension:largeBlob: true, webauthn:extension:minPinLength: true, webauthn:extension:prf: true, webauthn:virtualAuthenticators: true}\nSession ID: 7cc924f7f29f24b5e0b6fc5df1fce539\n\tat java.base/jdk.internal.reflect.NativeConstructorAccessorImpl.newInstance0(Native Method)\n\tat java.base/jdk.internal.reflect.NativeConstructorAccessorImpl.newInstance(NativeConstructorAccessorImpl.java:77)\n\tat java.base/jdk.internal.reflect.DelegatingConstructorAccessorImpl.newInstance(DelegatingConstructorAccessorImpl.java:45)\n\tat java.base/java.lang.reflect.Constructor.newInstanceWithCaller(Constructor.java:499)\n\tat java.base/java.lang.reflect.Constructor.newInstance(Constructor.java:480)\n\tat org.openqa.selenium.remote.http.W3CHttpResponseCodec.createException(W3CHttpResponseCodec.java:187)\n\tat org.openqa.selenium.remote.http.W3CHttpResponseCodec.decode(W3CHttpResponseCodec.java:122)\n\tat org.openqa.selenium.remote.http.W3CHttpResponseCodec.decode(W3CHttpResponseCodec.java:49)\n\tat org.openqa.selenium.remote.HttpCommandExecutor.execute(HttpCommandExecutor.java:158)\n\tat org.openqa.selenium.remote.service.DriverCommandExecutor.execute(DriverCommandExecutor.java:83)\n\tat org.openqa.selenium.remote.RemoteWebDriver.execute(RemoteWebDriver.java:552)\n\tat org.openqa.selenium.remote.RemoteWebElement.execute(RemoteWebElement.java:285)\n\tat org.openqa.selenium.remote.RemoteWebElement.click(RemoteWebElement.java:84)\n\tat Pages.RegistrationPage.ClickonRegistrationBtn(RegistrationPage.java:152)\n\tat AutomatedTest.LoginTest.ValidLogin(LoginTest.java:67)\n\tat java.base/jdk.internal.reflect.NativeMethodAccessorImpl.invoke0(Native Method)\n\tat java.base/jdk.internal.reflect.NativeMethodAccessorImpl.invoke(NativeMethodAccessorImpl.java:77)\n\tat java.base/jdk.internal.reflect.DelegatingMethodAccessorImpl.invoke(DelegatingMethodAccessorImpl.java:43)\n\tat java.base/java.lang.reflect.Method.invoke(Method.java:568)\n\tat org.testng.internal.MethodInvocationHelper.invokeMethod(MethodInvocationHelper.java:133)\n\tat org.testng.internal.TestInvoker.invokeMethod(TestInvoker.java:598)\n\tat org.testng.internal.TestInvoker.invokeTestMethod(TestInvoker.java:173)\n\tat org.testng.internal.MethodRunner.runInSequence(MethodRunner.java:46)\n\tat org.testng.internal.TestInvoker$MethodInvocationAgent.invoke(TestInvoker.java:824)\n\tat org.testng.internal.TestInvoker.invokeTestMethods(TestInvoker.java:146)\n\tat org.testng.internal.TestMethodWorker.invokeTestMethods(TestMethodWorker.java:146)\n\tat org.testng.internal.TestMethodWorker.run(TestMethodWorker.java:128)\n\tat java.base/java.util.ArrayList.forEach(ArrayList.java:1511)\n\tat org.testng.TestRunner.privateRun(TestRunner.java:794)\n\tat org.testng.TestRunner.run(TestRunner.java:596)\n\tat org.testng.SuiteRunner.runTest(SuiteRunner.java:377)\n\tat org.testng.SuiteRunner.runSequentially(SuiteRunner.java:371)\n\tat org.testng.SuiteRunner.privateRun(SuiteRunner.java:332)\n\tat org.testng.SuiteRunner.run(SuiteRunner.java:276)\n\tat org.testng.SuiteRunnerWorker.runSuite(SuiteRunnerWorker.java:53)\n\tat org.testng.SuiteRunnerWorker.run(SuiteRunnerWorker.java:96)\n\tat org.testng.TestNG.runSuitesSequentially(TestNG.java:1212)\n\tat org.testng.TestNG.runSuitesLocally(TestNG.java:1134)\n\tat org.testng.TestNG.runSuites(TestNG.java:1063)\n\tat org.testng.TestNG.run(TestNG.java:1031)\n\tat com.intellij.rt.testng.IDEARemoteTestNG.run(IDEARemoteTestNG.java:66)\n\tat com.intellij.rt.testng.RemoteTestNGStarter.main(RemoteTestNGStarter.java:105)\n"},"stage":"finished","description":"Login with valid credentials","steps":[{"name":"ClickRegistrationbutton","status":"passed","stage":"finished","steps":[],"attachments":[],"parameters":[],"start":1690488641993,"stop":1690488642072},{"name":"ClickLegalEntityButton","status":"passed","stage":"finished","steps":[],"attachments":[],"parameters":[],"start":1690488642072,"stop":1690488642131},{"name":"EnterUserName","status":"passed","stage":"finished","steps":[],"attachments":[],"parameters":[{"name":"userName","value":"evcjn_user"}],"start":1690488642151,"stop":1690488642237},{"name":"Enter_Id","status":"passed","stage":"finished","steps":[],"attachments":[],"parameters":[{"name":"userName","value":"69448803236"}],"start":1690488642238,"stop":1690488642281},{"name":"Enter_use_name","status":"passed","stage":"finished","steps":[],"attachments":[],"parameters":[{"name":"userName","value":"ywhq"}],"start":1690488642281,"stop":1690488642318},{"name":"Enter_use_surname","status":"passed","stage":"finished","steps":[],"attachments":[],"parameters":[{"name":"userName","value":"usr_elokbt"}],"start":1690488642319,"stop":1690488642358},{"name":"Enter_mobile_num","status":"passed","stage":"finished","steps":[],"attachments":[],"parameters":[{"name":"userName","value":"599568347"}],"start":1690488642358,"stop":1690488642396},{"name":"Enter_email","status":"passed","stage":"finished","steps":[],"attachments":[],"parameters":[{"name":"userName","value":"afv304@gmail.com"}],"start":1690488642397,"stop":1690488642436},{"name":"Enter_password","status":"passed","stage":"finished","steps":[],"attachments":[],"parameters":[{"name":"userName","value":"Password123"}],"start":1690488642437,"stop":1690488642482},{"name":"Enter_repeated_passw","status":"passed","stage":"finished","steps":[],"attachments":[],"parameters":[{"name":"userName","value":"Password123"}],"start":1690488642482,"stop":1690488642525},{"name":"scrollPageByPixels","status":"passed","stage":"finished","steps":[],"attachments":[],"parameters":[{"name":"driver","value":"ChromeDriver: chrome on MAC (7cc924f7f29f24b5e0b6fc5df1fce539)"},{"name":"pixelsToScroll","value":"300"}],"start":1690488642526,"stop":1690488642529},{"name":"ClickonChekbox","status":"passed","stage":"finished","steps":[],"attachments":[],"parameters":[],"start":1690488649535,"stop":1690488649692},{"name":"ClickonRegistrationBtn","status":"broken","statusDetails":{"known":false,"muted":false,"flaky":false,"message":"element click intercepted: Element is not clickable at point (989, 952)\n  (Session info: chrome=114.0.5735.248)\nBuild info: version: '3.141.59', revision: 'e82be7d358', time: '2018-11-14T08:17:03'\nSystem info: host: 'sweefts-MacBook-Pro.local', ip: '2a0b:6204:36ee:6c00:cdd:38c8:efed:f601%en0', os.name: 'Mac OS X', os.arch: 'aarch64', os.version: '12.5.1', java.version: '17.0.7'\nDriver info: org.openqa.selenium.chrome.ChromeDriver\nCapabilities {acceptInsecureCerts: false, browserName: chrome, browserVersion: 114.0.5735.248, chrome: {chromedriverVersion: 114.0.5735.90 (386bc09e8f4f..., userDataDir: /var/folders/4b/n4kwhz_s7y3...}, goog:chromeOptions: {debuggerAddress: localhost:54464}, javascriptEnabled: true, networkConnectionEnabled: false, pageLoadStrategy: normal, platform: MAC, platformName: MAC, proxy: Proxy(), setWindowRect: true, strictFileInteractability: false, timeouts: {implicit: 0, pageLoad: 300000, script: 30000}, unhandledPromptBehavior: dismiss and notify, webauthn:extension:credBlob: true, webauthn:extension:largeBlob: true, webauthn:extension:minPinLength: true, webauthn:extension:prf: true, webauthn:virtualAuthenticators: true}\nSession ID: 7cc924f7f29f24b5e0b6fc5df1fce539","trace":"org.openqa.selenium.ElementClickInterceptedException: element click intercepted: Element is not clickable at point (989, 952)\n  (Session info: chrome=114.0.5735.248)\nBuild info: version: '3.141.59', revision: 'e82be7d358', time: '2018-11-14T08:17:03'\nSystem info: host: 'sweefts-MacBook-Pro.local', ip: '2a0b:6204:36ee:6c00:cdd:38c8:efed:f601%en0', os.name: 'Mac OS X', os.arch: 'aarch64', os.version: '12.5.1', java.version: '17.0.7'\nDriver info: org.openqa.selenium.chrome.ChromeDriver\nCapabilities {acceptInsecureCerts: false, browserName: chrome, browserVersion: 114.0.5735.248, chrome: {chromedriverVersion: 114.0.5735.90 (386bc09e8f4f..., userDataDir: /var/folders/4b/n4kwhz_s7y3...}, goog:chromeOptions: {debuggerAddress: localhost:54464}, javascriptEnabled: true, networkConnectionEnabled: false, pageLoadStrategy: normal, platform: MAC, platformName: MAC, proxy: Proxy(), setWindowRect: true, strictFileInteractability: false, timeouts: {implicit: 0, pageLoad: 300000, script: 30000}, unhandledPromptBehavior: dismiss and notify, webauthn:extension:credBlob: true, webauthn:extension:largeBlob: true, webauthn:extension:minPinLength: true, webauthn:extension:prf: true, webauthn:virtualAuthenticators: true}\nSession ID: 7cc924f7f29f24b5e0b6fc5df1fce539\n\tat java.base/jdk.internal.reflect.NativeConstructorAccessorImpl.newInstance0(Native Method)\n\tat java.base/jdk.internal.reflect.NativeConstructorAccessorImpl.newInstance(NativeConstructorAccessorImpl.java:77)\n\tat java.base/jdk.internal.reflect.DelegatingConstructorAccessorImpl.newInstance(DelegatingConstructorAccessorImpl.java:45)\n\tat java.base/java.lang.reflect.Constructor.newInstanceWithCaller(Constructor.java:499)\n\tat java.base/java.lang.reflect.Constructor.newInstance(Constructor.java:480)\n\tat org.openqa.selenium.remote.http.W3CHttpResponseCodec.createException(W3CHttpResponseCodec.java:187)\n\tat org.openqa.selenium.remote.http.W3CHttpResponseCodec.decode(W3CHttpResponseCodec.java:122)\n\tat org.openqa.selenium.remote.http.W3CHttpResponseCodec.decode(W3CHttpResponseCodec.java:49)\n\tat org.openqa.selenium.remote.HttpCommandExecutor.execute(HttpCommandExecutor.java:158)\n\tat org.openqa.selenium.remote.service.DriverCommandExecutor.execute(DriverCommandExecutor.java:83)\n\tat org.openqa.selenium.remote.RemoteWebDriver.execute(RemoteWebDriver.java:552)\n\tat org.openqa.selenium.remote.RemoteWebElement.execute(RemoteWebElement.java:285)\n\tat org.openqa.selenium.remote.RemoteWebElement.click(RemoteWebElement.java:84)\n\tat Pages.RegistrationPage.ClickonRegistrationBtn(RegistrationPage.java:152)\n\tat AutomatedTest.LoginTest.ValidLogin(LoginTest.java:67)\n\tat java.base/jdk.internal.reflect.NativeMethodAccessorImpl.invoke0(Native Method)\n\tat java.base/jdk.internal.reflect.NativeMethodAccessorImpl.invoke(NativeMethodAccessorImpl.java:77)\n\tat java.base/jdk.internal.reflect.DelegatingMethodAccessorImpl.invoke(DelegatingMethodAccessorImpl.java:43)\n\tat java.base/java.lang.reflect.Method.invoke(Method.java:568)\n\tat org.testng.internal.MethodInvocationHelper.invokeMethod(MethodInvocationHelper.java:133)\n\tat org.testng.internal.TestInvoker.invokeMethod(TestInvoker.java:598)\n\tat org.testng.internal.TestInvoker.invokeTestMethod(TestInvoker.java:173)\n\tat org.testng.internal.MethodRunner.runInSequence(MethodRunner.java:46)\n\tat org.testng.internal.TestInvoker$MethodInvocationAgent.invoke(TestInvoker.java:824)\n\tat org.testng.internal.TestInvoker.invokeTestMethods(TestInvoker.java:146)\n\tat org.testng.internal.TestMethodWorker.invokeTestMethods(TestMethodWorker.java:146)\n\tat org.testng.internal.TestMethodWorker.run(TestMethodWorker.java:128)\n\tat java.base/java.util.ArrayList.forEach(ArrayList.java:1511)\n\tat org.testng.TestRunner.privateRun(TestRunner.java:794)\n\tat org.testng.TestRunner.run(TestRunner.java:596)\n\tat org.testng.SuiteRunner.runTest(SuiteRunner.java:377)\n\tat org.testng.SuiteRunner.runSequentially(SuiteRunner.java:371)\n\tat org.testng.SuiteRunner.privateRun(SuiteRunner.java:332)\n\tat org.testng.SuiteRunner.run(SuiteRunner.java:276)\n\tat org.testng.SuiteRunnerWorker.runSuite(SuiteRunnerWorker.java:53)\n\tat org.testng.SuiteRunnerWorker.run(SuiteRunnerWorker.java:96)\n\tat org.testng.TestNG.runSuitesSequentially(TestNG.java:1212)\n\tat org.testng.TestNG.runSuitesLocally(TestNG.java:1134)\n\tat org.testng.TestNG.runSuites(TestNG.java:1063)\n\tat org.testng.TestNG.run(TestNG.java:1031)\n\tat com.intellij.rt.testng.IDEARemoteTestNG.run(IDEARemoteTestNG.java:66)\n\tat com.intellij.rt.testng.RemoteTestNGStarter.main(RemoteTestNGStarter.java:105)\n"},"stage":"finished","steps":[],"attachments":[],"parameters":[],"start":1690488649692,"stop":1690488650789}],"attachments":[],"parameters":[],"start":1690488641979,"stop":1690488650794}